{"level":"SEVERE","message":"https://www.volvocars.com/static/shared/images/favicons/favicon-16x16.v2.svg - Failed to load resource: the server responded with a status of 403 ()","source":"network","timestamp":1682103612591}
{"level":"SEVERE","message":"https://www.volvocars.com/static/shared/images/favicons/favicon-32x32.v2.png - Failed to load resource: the server responded with a status of 403 ()","source":"network","timestamp":1682103612613}
{"level":"SEVERE","message":"https://www.volvocars.com/static/shared/images/favicons/favicon-16x16.v2.png - Failed to load resource: the server responded with a status of 403 ()","source":"network","timestamp":1682103612634}
{"level":"SEVERE","message":"https://www.volvocars.com/static/shared/images/favicons/favicon-192x192.v2.png - Failed to load resource: the server responded with a status of 403 ()","source":"network","timestamp":1682103612694}
{"level":"SEVERE","message":"https://www.volvocars.com/images/v/-/media/project/contentplatform/data/media/campaigns/seat-belt_4096x3072.jpg?iar=0&w=1240 - Failed to load resource: the server responded with a status of 403 ()","source":"network","timestamp":1682103613105}
{"level":"SEVERE","message":"https://www.volvocars.com/static/dotcom/js/5390.0e111cfa.js - Failed to load resource: the server responded with a status of 403 ()","source":"network","timestamp":1682103613105}
{"level":"SEVERE","message":"https://www.volvocars.com/intl/v/car-safety/a-million-more - Refused to execute script from 'https://www.volvocars.com/static/dotcom/js/5390.0e111cfa.js' because its MIME type ('text/html') is not executable, and strict MIME type checking is enabled.","source":"security","timestamp":1682103613105}
{"level":"SEVERE","message":"https://www.volvocars.com/static/dotcom/js/3584.d2068b4c.js - Failed to load resource: the server responded with a status of 403 ()","source":"network","timestamp":1682103613105}
{"level":"SEVERE","message":"https://www.volvocars.com/intl/v/car-safety/a-million-more - Refused to execute script from 'https://www.volvocars.com/static/dotcom/js/3584.d2068b4c.js' because its MIME type ('text/html') is not executable, and strict MIME type checking is enabled.","source":"security","timestamp":1682103613105}
{"level":"SEVERE","message":"https://www.volvocars.com/static/dotcom/js/888.69a07599.js - Failed to load resource: the server responded with a status of 403 ()","source":"network","timestamp":1682103613105}
{"level":"SEVERE","message":"https://www.volvocars.com/intl/v/car-safety/a-million-more - Refused to execute script from 'https://www.volvocars.com/static/dotcom/js/888.69a07599.js' because its MIME type ('text/html') is not executable, and strict MIME type checking is enabled.","source":"security","timestamp":1682103613105}
{"level":"SEVERE","message":"https://www.volvocars.com/static/dotcom/js/7975.51946dff.js - Failed to load resource: the server responded with a status of 403 ()","source":"network","timestamp":1682103613105}
{"level":"SEVERE","message":"https://www.volvocars.com/intl/v/car-safety/a-million-more - Refused to execute script from 'https://www.volvocars.com/static/dotcom/js/7975.51946dff.js' because its MIME type ('text/html') is not executable, and strict MIME type checking is enabled.","source":"security","timestamp":1682103613105}
{"level":"SEVERE","message":"https://www.volvocars.com/images/v/-/media/project/contentplatform/data/media/campaigns/amy_ma-1080x1350.jpg?h=938&iar=0&w=750 - Failed to load resource: the server responded with a status of 403 ()","source":"network","timestamp":1682103613105}
{"level":"SEVERE","message":"https://www.volvocars.com/images/v/-/media/project/contentplatform/data/media/campaigns/summer_masuda-1080x1350.jpg?h=938&iar=0&w=750 - Failed to load resource: the server responded with a status of 403 ()","source":"network","timestamp":1682103613105}
{"level":"SEVERE","message":"https://www.volvocars.com/images/v/-/media/project/contentplatform/data/media/campaigns/alex_burghardt-1080x1350.jpg?h=938&iar=0&w=750 - Failed to load resource: the server responded with a status of 403 ()","source":"network","timestamp":1682103613105}
{"level":"SEVERE","message":"https://www.volvocars.com/images/v/-/media/project/contentplatform/data/media/campaigns/linda_molly_henriksson-1080x1350.jpg?h=938&iar=0&w=750 - Failed to load resource: the server responded with a status of 403 ()","source":"network","timestamp":1682103613105}
{"level":"SEVERE","message":"https://www.volvocars.com/static/dotcom/js/runtime.dee7b951.js 0:12097 Uncaught Error: Loading chunk 5390 failed.\n(error: https://www.volvocars.com/static/dotcom/js/5390.0e111cfa.js)","source":"javascript","timestamp":1682103613105}
{"level":"SEVERE","message":"https://www.volvocars.com/static/site-footer/js/702.a47b3362.js - Failed to load resource: the server responded with a status of 403 ()","source":"network","timestamp":1682103613105}
{"level":"SEVERE","message":"https://www.volvocars.com/intl/v/car-safety/a-million-more - Refused to execute script from 'https://www.volvocars.com/static/site-footer/js/702.a47b3362.js' because its MIME type ('text/html') is not executable, and strict MIME type checking is enabled.","source":"security","timestamp":1682103613105}
{"level":"SEVERE","message":"https://www.volvocars.com/static/site-footer/js/823.e685c207.js - Failed to load resource: the server responded with a status of 403 ()","source":"network","timestamp":1682103613105}
{"level":"SEVERE","message":"https://www.volvocars.com/intl/v/car-safety/a-million-more - Refused to execute script from 'https://www.volvocars.com/static/site-footer/js/823.e685c207.js' because its MIME type ('text/html') is not executable, and strict MIME type checking is enabled.","source":"security","timestamp":1682103613105}
{"level":"SEVERE","message":"https://www.volvocars.com/static/dotcom/js/runtime.dee7b951.js 0:12097 Uncaught Error: Loading chunk 3584 failed.\n(error: https://www.volvocars.com/static/dotcom/js/3584.d2068b4c.js)","source":"javascript","timestamp":1682103613105}
{"level":"SEVERE","message":"https://www.volvocars.com/static/dotcom/js/runtime.dee7b951.js 0:12097 Uncaught Error: Loading chunk 888 failed.\n(error: https://www.volvocars.com/static/dotcom/js/888.69a07599.js)","source":"javascript","timestamp":1682103613105}
{"level":"SEVERE","message":"https://www.volvocars.com/static/dotcom/js/runtime.dee7b951.js 0:12097 Uncaught Error: Loading chunk 7975 failed.\n(error: https://www.volvocars.com/static/dotcom/js/7975.51946dff.js)","source":"javascript","timestamp":1682103613105}
{"level":"SEVERE","message":"https://www.volvocars.com/static/shared/icons/v2/mediacircled-next-40.svg#light-primary - Failed to load resource: the server responded with a status of 403 ()","source":"network","timestamp":1682103613105}
{"level":"SEVERE","message":"https://www.volvocars.com/static/shared/icons/v2/mediacircled-previous-40.svg#light-primary - Failed to load resource: the server responded with a status of 403 ()","source":"network","timestamp":1682103613105}
{"level":"SEVERE","message":"https://www.volvocars.com/static/site-footer/js/runtime.102101ea.js 0:4014 Uncaught Error: Loading chunk 702 failed.\n(error: https://www.volvocars.com/static/site-footer/js/702.a47b3362.js)","source":"javascript","timestamp":1682103613106}
{"level":"SEVERE","message":"https://www.volvocars.com/images/v/-/media/project/contentplatform/data/media/my24/car-images/xc90-phev-my24-responsive.jpg?h=500&iar=0 - Failed to load resource: the server responded with a status of 403 ()","source":"network","timestamp":1682103613106}
{"level":"SEVERE","message":"https://www.volvocars.com/images/v/-/media/project/contentplatform/data/media/my24/car-images/xc40-bev-my24-responsive.jpg?iar=0&w=600 - Failed to load resource: the server responded with a status of 403 ()","source":"network","timestamp":1682103613107}
{"level":"SEVERE","message":"https://www.volvocars.com/images/v/-/media/project/contentplatform/data/media/my24/car-images/xc60-phev-my24-responsive.jpg?h=500&iar=0 - Failed to load resource: the server responded with a status of 403 ()","source":"network","timestamp":1682103613108}
{"level":"SEVERE","message":"https://www.volvocars.com/images/v/-/media/project/contentplatform/data/media/my23/car-images/xc40-phev-my23-responsive.jpg?h=500&iar=0 - Failed to load resource: the server responded with a status of 403 ()","source":"network","timestamp":1682103613110}
{"level":"SEVERE","message":"https://www.volvocars.com/images/v/-/media/project/contentplatform/data/media/campaigns/amy_ma-1080x1350.jpg?h=938&iar=0&w=750 - Failed to load resource: the server responded with a status of 403 ()","source":"network","timestamp":1682103613233}
{"level":"SEVERE","message":"https://www.volvocars.com/images/v/-/media/project/contentplatform/data/media/campaigns/alex_burghardt-1080x1350.jpg?h=938&iar=0&w=750 - Failed to load resource: the server responded with a status of 403 ()","source":"network","timestamp":1682103613244}
{"level":"SEVERE","message":"https://www.volvocars.com/images/v/-/media/project/contentplatform/data/media/campaigns/linda_molly_henriksson-1080x1350.jpg?h=938&iar=0&w=750 - Failed to load resource: the server responded with a status of 403 ()","source":"network","timestamp":1682103613278}
{"level":"SEVERE","message":"https://www.volvocars.com/images/v/-/media/project/contentplatform/data/media/campaigns/summer_masuda-1080x1350.jpg?h=938&iar=0&w=750 - Failed to load resource: the server responded with a status of 403 ()","source":"network","timestamp":1682103613278}
{"level":"SEVERE","message":"https://www.volvocars.com/static/site-navigation/js/6341.5c5c3ce8.js - Failed to load resource: the server responded with a status of 403 ()","source":"network","timestamp":1682103613279}
{"level":"SEVERE","message":"https://www.volvocars.com/intl/v/car-safety/a-million-more - Refused to execute script from 'https://www.volvocars.com/static/site-navigation/js/6341.5c5c3ce8.js' because its MIME type ('text/html') is not executable, and strict MIME type checking is enabled.","source":"security","timestamp":1682103613279}
{"level":"SEVERE","message":"https://www.volvocars.com/static/site-navigation/js/5406.0990c6e5.js - Failed to load resource: the server responded with a status of 403 ()","source":"network","timestamp":1682103613360}
{"level":"SEVERE","message":"https://www.volvocars.com/intl/v/car-safety/a-million-more - Refused to execute script from 'https://www.volvocars.com/static/site-navigation/js/5406.0990c6e5.js' because its MIME type ('text/html') is not executable, and strict MIME type checking is enabled.","source":"security","timestamp":1682103613360}
{"level":"SEVERE","message":"https://www.volvocars.com/static/site-navigation/js/5652.d0745b9e.js - Failed to load resource: the server responded with a status of 403 ()","source":"network","timestamp":1682103613360}
{"level":"SEVERE","message":"https://www.volvocars.com/intl/v/car-safety/a-million-more - Refused to execute script from 'https://www.volvocars.com/static/site-navigation/js/5652.d0745b9e.js' because its MIME type ('text/html') is not executable, and strict MIME type checking is enabled.","source":"security","timestamp":1682103613360}
{"level":"SEVERE","message":"https://www.volvocars.com/static/site-navigation/js/6341.5c5c3ce8.js - Failed to load resource: the server responded with a status of 403 ()","source":"network","timestamp":1682103613442}
{"level":"SEVERE","message":"https://www.volvocars.com/intl/v/car-safety/a-million-more - Refused to execute script from 'https://www.volvocars.com/static/site-navigation/js/6341.5c5c3ce8.js' because its MIME type ('text/html') is not executable, and strict MIME type checking is enabled.","source":"security","timestamp":1682103613442}
{"level":"SEVERE","message":"https://www.volvocars.com/static/site-navigation/js/5406.0990c6e5.js - Failed to load resource: the server responded with a status of 403 ()","source":"network","timestamp":1682103613442}
{"level":"SEVERE","message":"https://www.volvocars.com/intl/v/car-safety/a-million-more - Refused to execute script from 'https://www.volvocars.com/static/site-navigation/js/5406.0990c6e5.js' because its MIME type ('text/html') is not executable, and strict MIME type checking is enabled.","source":"security","timestamp":1682103613442}
{"level":"SEVERE","message":"https://www.volvocars.com/static/site-navigation/js/5652.d0745b9e.js - Failed to load resource: the server responded with a status of 403 ()","source":"network","timestamp":1682103613535}
{"level":"SEVERE","message":"https://www.volvocars.com/intl/v/car-safety/a-million-more - Refused to execute script from 'https://www.volvocars.com/static/site-navigation/js/5652.d0745b9e.js' because its MIME type ('text/html') is not executable, and strict MIME type checking is enabled.","source":"security","timestamp":1682103613535}
{"level":"SEVERE","message":"https://www.volvocars.com/static/site-navigation/js/6341.5c5c3ce8.js - Failed to load resource: the server responded with a status of 403 ()","source":"network","timestamp":1682103613612}
{"level":"SEVERE","message":"https://www.volvocars.com/intl/v/car-safety/a-million-more - Refused to execute script from 'https://www.volvocars.com/static/site-navigation/js/6341.5c5c3ce8.js' because its MIME type ('text/html') is not executable, and strict MIME type checking is enabled.","source":"security","timestamp":1682103613612}
{"level":"SEVERE","message":"https://www.volvocars.com/static/site-navigation/js/5652.d0745b9e.js - Failed to load resource: the server responded with a status of 403 ()","source":"network","timestamp":1682103613622}
{"level":"SEVERE","message":"https://www.volvocars.com/intl/v/car-safety/a-million-more - Refused to execute script from 'https://www.volvocars.com/static/site-navigation/js/5652.d0745b9e.js' because its MIME type ('text/html') is not executable, and strict MIME type checking is enabled.","source":"security","timestamp":1682103613622}
{"level":"SEVERE","message":"https://www.volvocars.com/static/site-navigation/js/5406.0990c6e5.js - Failed to load resource: the server responded with a status of 403 ()","source":"network","timestamp":1682103613622}
{"level":"SEVERE","message":"https://www.volvocars.com/intl/v/car-safety/a-million-more - Refused to execute script from 'https://www.volvocars.com/static/site-navigation/js/5406.0990c6e5.js' because its MIME type ('text/html') is not executable, and strict MIME type checking is enabled.","source":"security","timestamp":1682103613622}