{"level":"SEVERE","message":"https://www.volvocars.com/static/shared/images/favicons/favicon-16x16.v2.svg - Failed to load resource: the server responded with a status of 403 ()","source":"network","timestamp":1682103532931}
{"level":"SEVERE","message":"https://www.volvocars.com/static/shared/images/favicons/favicon-32x32.v2.png - Failed to load resource: the server responded with a status of 403 ()","source":"network","timestamp":1682103532959}
{"level":"SEVERE","message":"https://www.volvocars.com/static/shared/images/favicons/favicon-16x16.v2.png - Failed to load resource: the server responded with a status of 403 ()","source":"network","timestamp":1682103532990}
{"level":"SEVERE","message":"https://www.volvocars.com/static/shared/images/favicons/favicon-192x192.v2.png - Failed to load resource: the server responded with a status of 403 ()","source":"network","timestamp":1682103533126}
{"level":"SEVERE","message":"https://www.volvocars.com/images/v/-/media/project/contentplatform/data/media/campaigns/seat-belt_4096x3072.jpg?iar=0&w=1240 - Failed to load resource: the server responded with a status of 403 ()","source":"network","timestamp":1682103533359}
{"level":"SEVERE","message":"https://www.volvocars.com/static/dotcom/js/5390.0e111cfa.js - Failed to load resource: the server responded with a status of 403 ()","source":"network","timestamp":1682103533393}
{"level":"SEVERE","message":"https://www.volvocars.com/intl/v/car-safety/a-million-more - Refused to execute script from 'https://www.volvocars.com/static/dotcom/js/5390.0e111cfa.js' because its MIME type ('text/html') is not executable, and strict MIME type checking is enabled.","source":"security","timestamp":1682103533393}
{"level":"SEVERE","message":"https://www.volvocars.com/static/dotcom/js/7975.51946dff.js - Failed to load resource: the server responded with a status of 403 ()","source":"network","timestamp":1682103533404}
{"level":"SEVERE","message":"https://www.volvocars.com/intl/v/car-safety/a-million-more - Refused to execute script from 'https://www.volvocars.com/static/dotcom/js/7975.51946dff.js' because its MIME type ('text/html') is not executable, and strict MIME type checking is enabled.","source":"security","timestamp":1682103533404}
{"level":"SEVERE","message":"https://www.volvocars.com/static/dotcom/js/3584.d2068b4c.js - Failed to load resource: the server responded with a status of 403 ()","source":"network","timestamp":1682103533405}
{"level":"SEVERE","message":"https://www.volvocars.com/intl/v/car-safety/a-million-more - Refused to execute script from 'https://www.volvocars.com/static/dotcom/js/3584.d2068b4c.js' because its MIME type ('text/html') is not executable, and strict MIME type checking is enabled.","source":"security","timestamp":1682103533405}
{"level":"SEVERE","message":"https://www.volvocars.com/static/dotcom/js/888.69a07599.js - Failed to load resource: the server responded with a status of 403 ()","source":"network","timestamp":1682103533405}
{"level":"SEVERE","message":"https://www.volvocars.com/intl/v/car-safety/a-million-more - Refused to execute script from 'https://www.volvocars.com/static/dotcom/js/888.69a07599.js' because its MIME type ('text/html') is not executable, and strict MIME type checking is enabled.","source":"security","timestamp":1682103533405}
{"level":"SEVERE","message":"https://www.volvocars.com/static/dotcom/js/runtime.dee7b951.js 0:12097 Uncaught Error: Loading chunk 5390 failed.\n(error: https://www.volvocars.com/static/dotcom/js/5390.0e111cfa.js)","source":"javascript","timestamp":1682103533418}
{"level":"SEVERE","message":"https://www.volvocars.com/images/v/-/media/project/contentplatform/data/media/campaigns/amy_ma-1080x1350.jpg?h=938&iar=0&w=750 - Failed to load resource: the server responded with a status of 403 ()","source":"network","timestamp":1682103533420}
{"level":"SEVERE","message":"https://www.volvocars.com/static/dotcom/js/runtime.dee7b951.js 0:12097 Uncaught Error: Loading chunk 7975 failed.\n(error: https://www.volvocars.com/static/dotcom/js/7975.51946dff.js)","source":"javascript","timestamp":1682103533422}
{"level":"SEVERE","message":"https://www.volvocars.com/static/dotcom/js/runtime.dee7b951.js 0:12097 Uncaught Error: Loading chunk 3584 failed.\n(error: https://www.volvocars.com/static/dotcom/js/3584.d2068b4c.js)","source":"javascript","timestamp":1682103533423}
{"level":"SEVERE","message":"https://www.volvocars.com/static/dotcom/js/runtime.dee7b951.js 0:12097 Uncaught Error: Loading chunk 888 failed.\n(error: https://www.volvocars.com/static/dotcom/js/888.69a07599.js)","source":"javascript","timestamp":1682103533423}
{"level":"SEVERE","message":"https://www.volvocars.com/images/v/-/media/project/contentplatform/data/media/campaigns/summer_masuda-1080x1350.jpg?h=938&iar=0&w=750 - Failed to load resource: the server responded with a status of 403 ()","source":"network","timestamp":1682103533429}
{"level":"SEVERE","message":"https://www.volvocars.com/images/v/-/media/project/contentplatform/data/media/campaigns/linda_molly_henriksson-1080x1350.jpg?h=938&iar=0&w=750 - Failed to load resource: the server responded with a status of 403 ()","source":"network","timestamp":1682103533659}
{"level":"SEVERE","message":"https://www.volvocars.com/images/v/-/media/project/contentplatform/data/media/campaigns/alex_burghardt-1080x1350.jpg?h=938&iar=0&w=750 - Failed to load resource: the server responded with a status of 403 ()","source":"network","timestamp":1682103533659}
{"level":"SEVERE","message":"https://www.volvocars.com/images/v/-/media/project/contentplatform/data/media/campaigns/seat-belt_4096x3072.jpg?iar=0&w=1240 - Failed to load resource: the server responded with a status of 403 ()","source":"network","timestamp":1682103533746}
{"level":"SEVERE","message":"https://www.volvocars.com/static/shared/icons/v2/mediacircled-previous-40.svg#light-primary - Failed to load resource: the server responded with a status of 403 ()","source":"network","timestamp":1682103533771}
{"level":"SEVERE","message":"https://www.volvocars.com/static/shared/icons/v2/mediacircled-next-40.svg#light-primary - Failed to load resource: the server responded with a status of 403 ()","source":"network","timestamp":1682103533773}
{"level":"SEVERE","message":"https://www.volvocars.com/static/site-footer/js/702.a47b3362.js - Failed to load resource: the server responded with a status of 403 ()","source":"network","timestamp":1682103533773}
{"level":"SEVERE","message":"https://www.volvocars.com/intl/v/car-safety/a-million-more - Refused to execute script from 'https://www.volvocars.com/static/site-footer/js/702.a47b3362.js' because its MIME type ('text/html') is not executable, and strict MIME type checking is enabled.","source":"security","timestamp":1682103533773}
{"level":"SEVERE","message":"https://www.volvocars.com/intl/v/car-safety/a-million-more - Access to fetch at 'https://sentry-ng.infrastructure.volvo.care/api/44/store/?sentry_key=a44051c3f5e64a038cc427ee89cc4aa0&sentry_version=7' from origin 'https://www.volvocars.com' has been blocked by CORS policy: No 'Access-Control-Allow-Origin' header is present on the requested resource. If an opaque response serves your needs, set the request's mode to 'no-cors' to fetch the resource with CORS disabled.","source":"javascript","timestamp":1682103533780}
{"level":"SEVERE","message":"https://sentry-ng.infrastructure.volvo.care/api/44/store/?sentry_key=a44051c3f5e64a038cc427ee89cc4aa0&sentry_version=7 - Failed to load resource: net::ERR_FAILED","source":"network","timestamp":1682103533781}
{"level":"SEVERE","message":"https://www.volvocars.com/static/site-footer/js/823.e685c207.js - Failed to load resource: the server responded with a status of 403 ()","source":"network","timestamp":1682103533799}
{"level":"SEVERE","message":"https://www.volvocars.com/intl/v/car-safety/a-million-more - Refused to execute script from 'https://www.volvocars.com/static/site-footer/js/823.e685c207.js' because its MIME type ('text/html') is not executable, and strict MIME type checking is enabled.","source":"security","timestamp":1682103533799}
{"level":"SEVERE","message":"https://www.volvocars.com/static/site-footer/js/runtime.102101ea.js 0:4014 Uncaught Error: Loading chunk 702 failed.\n(error: https://www.volvocars.com/static/site-footer/js/702.a47b3362.js)","source":"javascript","timestamp":1682103533801}
{"level":"SEVERE","message":"https://www.volvocars.com/images/v/-/media/project/contentplatform/data/media/my24/car-images/xc90-phev-my24-responsive.jpg?h=500&iar=0 - Failed to load resource: the server responded with a status of 403 ()","source":"network","timestamp":1682103533802}
{"level":"SEVERE","message":"https://www.volvocars.com/images/v/-/media/project/contentplatform/data/media/my24/car-images/xc40-bev-my24-responsive.jpg?iar=0&w=600 - Failed to load resource: the server responded with a status of 403 ()","source":"network","timestamp":1682103533817}
{"level":"SEVERE","message":"https://www.volvocars.com/images/v/-/media/project/contentplatform/data/media/my23/car-images/xc40-phev-my23-responsive.jpg?h=500&iar=0 - Failed to load resource: the server responded with a status of 403 ()","source":"network","timestamp":1682103533819}
{"level":"SEVERE","message":"https://www.volvocars.com/images/v/-/media/project/contentplatform/data/media/my24/car-images/xc60-phev-my24-responsive.jpg?h=500&iar=0 - Failed to load resource: the server responded with a status of 403 ()","source":"network","timestamp":1682103533819}
{"level":"SEVERE","message":"https://www.volvocars.com/images/v/-/media/project/contentplatform/data/media/campaigns/amy_ma-1080x1350.jpg?h=938&iar=0&w=750 - Failed to load resource: the server responded with a status of 403 ()","source":"network","timestamp":1682103534015}
{"level":"SEVERE","message":"https://www.volvocars.com/images/v/-/media/project/contentplatform/data/media/campaigns/summer_masuda-1080x1350.jpg?h=938&iar=0&w=750 - Failed to load resource: the server responded with a status of 403 ()","source":"network","timestamp":1682103534031}
{"level":"SEVERE","message":"https://www.volvocars.com/images/v/-/media/project/contentplatform/data/media/campaigns/linda_molly_henriksson-1080x1350.jpg?h=938&iar=0&w=750 - Failed to load resource: the server responded with a status of 403 ()","source":"network","timestamp":1682103534031}
{"level":"SEVERE","message":"https://www.volvocars.com/images/v/-/media/project/contentplatform/data/media/campaigns/alex_burghardt-1080x1350.jpg?h=938&iar=0&w=750 - Failed to load resource: the server responded with a status of 403 ()","source":"network","timestamp":1682103534031}
{"level":"SEVERE","message":"https://www.volvocars.com/static/site-navigation/js/6341.5c5c3ce8.js - Failed to load resource: the server responded with a status of 403 ()","source":"network","timestamp":1682103534086}
{"level":"SEVERE","message":"https://www.volvocars.com/intl/v/car-safety/a-million-more - Refused to execute script from 'https://www.volvocars.com/static/site-navigation/js/6341.5c5c3ce8.js' because its MIME type ('text/html') is not executable, and strict MIME type checking is enabled.","source":"security","timestamp":1682103534087}
{"level":"SEVERE","message":"https://www.volvocars.com/static/site-navigation/js/5652.d0745b9e.js - Failed to load resource: the server responded with a status of 403 ()","source":"network","timestamp":1682103534089}
{"level":"SEVERE","message":"https://www.volvocars.com/intl/v/car-safety/a-million-more - Refused to execute script from 'https://www.volvocars.com/static/site-navigation/js/5652.d0745b9e.js' because its MIME type ('text/html') is not executable, and strict MIME type checking is enabled.","source":"security","timestamp":1682103534089}
{"level":"SEVERE","message":"https://www.volvocars.com/static/site-navigation/js/5406.0990c6e5.js - Failed to load resource: the server responded with a status of 403 ()","source":"network","timestamp":1682103534089}
{"level":"SEVERE","message":"https://www.volvocars.com/intl/v/car-safety/a-million-more - Refused to execute script from 'https://www.volvocars.com/static/site-navigation/js/5406.0990c6e5.js' because its MIME type ('text/html') is not executable, and strict MIME type checking is enabled.","source":"security","timestamp":1682103534089}
{"level":"SEVERE","message":"https://www.volvocars.com/static/site-navigation/js/6341.5c5c3ce8.js - Failed to load resource: the server responded with a status of 403 ()","source":"network","timestamp":1682103534184}
{"level":"SEVERE","message":"https://www.volvocars.com/intl/v/car-safety/a-million-more - Refused to execute script from 'https://www.volvocars.com/static/site-navigation/js/6341.5c5c3ce8.js' because its MIME type ('text/html') is not executable, and strict MIME type checking is enabled.","source":"security","timestamp":1682103534184}
{"level":"SEVERE","message":"https://www.volvocars.com/static/site-navigation/js/5406.0990c6e5.js - Failed to load resource: the server responded with a status of 403 ()","source":"network","timestamp":1682103534196}
{"level":"SEVERE","message":"https://www.volvocars.com/intl/v/car-safety/a-million-more - Refused to execute script from 'https://www.volvocars.com/static/site-navigation/js/5406.0990c6e5.js' because its MIME type ('text/html') is not executable, and strict MIME type checking is enabled.","source":"security","timestamp":1682103534196}
{"level":"SEVERE","message":"https://www.volvocars.com/static/site-navigation/js/5652.d0745b9e.js - Failed to load resource: the server responded with a status of 403 ()","source":"network","timestamp":1682103534197}
{"level":"SEVERE","message":"https://www.volvocars.com/intl/v/car-safety/a-million-more - Refused to execute script from 'https://www.volvocars.com/static/site-navigation/js/5652.d0745b9e.js' because its MIME type ('text/html') is not executable, and strict MIME type checking is enabled.","source":"security","timestamp":1682103534197}
{"level":"SEVERE","message":"https://www.volvocars.com/static/site-navigation/js/6341.5c5c3ce8.js - Failed to load resource: the server responded with a status of 403 ()","source":"network","timestamp":1682103534499}
{"level":"SEVERE","message":"https://www.volvocars.com/intl/v/car-safety/a-million-more - Refused to execute script from 'https://www.volvocars.com/static/site-navigation/js/6341.5c5c3ce8.js' because its MIME type ('text/html') is not executable, and strict MIME type checking is enabled.","source":"security","timestamp":1682103534499}
{"level":"SEVERE","message":"https://www.volvocars.com/static/site-navigation/js/5652.d0745b9e.js - Failed to load resource: the server responded with a status of 403 ()","source":"network","timestamp":1682103534511}
{"level":"SEVERE","message":"https://www.volvocars.com/intl/v/car-safety/a-million-more - Refused to execute script from 'https://www.volvocars.com/static/site-navigation/js/5652.d0745b9e.js' because its MIME type ('text/html') is not executable, and strict MIME type checking is enabled.","source":"security","timestamp":1682103534511}
{"level":"SEVERE","message":"https://www.volvocars.com/static/site-navigation/js/5406.0990c6e5.js - Failed to load resource: the server responded with a status of 403 ()","source":"network","timestamp":1682103534512}
{"level":"SEVERE","message":"https://www.volvocars.com/intl/v/car-safety/a-million-more - Refused to execute script from 'https://www.volvocars.com/static/site-navigation/js/5406.0990c6e5.js' because its MIME type ('text/html') is not executable, and strict MIME type checking is enabled.","source":"security","timestamp":1682103534513}
{"level":"SEVERE","message":"https://www.volvocars.com/static/site-navigation/js/6341.5c5c3ce8.js - Failed to load resource: the server responded with a status of 403 ()","source":"network","timestamp":1682103535747}
{"level":"SEVERE","message":"https://www.volvocars.com/intl/v/car-safety/a-million-more - Refused to execute script from 'https://www.volvocars.com/static/site-navigation/js/6341.5c5c3ce8.js' because its MIME type ('text/html') is not executable, and strict MIME type checking is enabled.","source":"security","timestamp":1682103535747}
{"level":"SEVERE","message":"https://www.volvocars.com/static/site-navigation/js/5406.0990c6e5.js - Failed to load resource: the server responded with a status of 403 ()","source":"network","timestamp":1682103535756}
{"level":"SEVERE","message":"https://www.volvocars.com/intl/v/car-safety/a-million-more - Refused to execute script from 'https://www.volvocars.com/static/site-navigation/js/5406.0990c6e5.js' because its MIME type ('text/html') is not executable, and strict MIME type checking is enabled.","source":"security","timestamp":1682103535756}
{"level":"SEVERE","message":"https://www.volvocars.com/static/site-navigation/js/5652.d0745b9e.js - Failed to load resource: the server responded with a status of 403 ()","source":"network","timestamp":1682103535758}
{"level":"SEVERE","message":"https://www.volvocars.com/intl/v/car-safety/a-million-more - Refused to execute script from 'https://www.volvocars.com/static/site-navigation/js/5652.d0745b9e.js' because its MIME type ('text/html') is not executable, and strict MIME type checking is enabled.","source":"security","timestamp":1682103535758}